------------------------------------------
M.U.G.E.N ver 1.00 (2011.01.18) status log
------------------------------------------
Parsing command line...
Command line: D:\Games\KOF\KOF 95 25TH [King of Fighters 95' 25th anniversary Mugen Edition] [OPEN VERSION] Screenkof95\mugen.exe
Parse command line OK
Initializing...
Allocating game variables
Reading configuration file...OK
Initializing timer...performance timer enabled...frequency 10000000...OK
Initializing keyboard...configuring...OK
Initializing input engine...OK
Initializing sound...Using SDL audio driver: dsound
Requesting mixer parameters (44100, 16, 2, 2048)...
Opened mixer with parameters (44100, 16, 2, 2048)...
OK
Initializing BGM...BGMThreadInit returned 0
OK
Initializing graphics...gameCoord 640x480...render mode 0_2...trying 640x480x16 mode 0x0...success...OK
Setting callbacks...OK
Initializing font...OK
Initializing game variables...OK
Loading system fonts...OK
Loading options...
Initializing pads...failed
Reinitializing input engine...OK
Remapping keys...OK
Reinitializing input engine...OK
Options loaded OK
Loading system...
  Load system file system.def...OK
  Load system spr...OK
  Load system snd...OK
  Load system fonts...OK
  Load system anim...OK
  Load [Title Info]...OK
  Load [Option Info]...OK
  Load [Select Info]...OK
  Load [VS Screen]...OK
  Load [Victory Screen]...OK
  Load [Demo Mode]...OK
  Load [Continue Screen]...OK
  Load [Game Over Screen]...OK
  Load [Win Screen]...OK
  Load [Survival Results Screen]...OK
  Load [Default Ending]...OK
  Load [End Credits]...OK
  Load TitleBG...VersusBG...VictoryBG...Error loading VictoryBG
SelectBG...OptionBG...OK
  Loading fight data
    Opening fight data file data/mugen1/kof95-lb.def...OK
    Reading [Files]...OK
    Loading fonts...OK
    Load fight anim...OK
    Reading [Lifebar]...[Turns Lifebar]...[Simul Lifebar]...[Powerbar]...
    [Face]...[Simul Face]...[Turns Face]...
    [Name]...[Simul Name]...[Turns Name]...
    [Time]...[Combo]...[Round]...[WinIcon]...OK
    Allocating explods...OK
  Fight data loaded OK
System loaded OK
Initialize OK
Set up graphics...timer...OK
Playing storyboard kof95-sb-logo.def: scene
attempting load and start...attempting load of data/mugen1/mp3/kof95-sb-logo.mp3...Couldn't open BGM file data/mugen1/mp3/kof95-sb-logo.mp3!
error 1!
Storyboard playback canceled 80:0 k6A p0
Finished playing storyboard kof95-sb-logo.def: scene
Initializing character info...OK
Initializing select screen...finding characters...
  Error reading character file: chars/char[xx]/char[xx].def

  Error reading character file: chars/char[xx]/char[xx].def

  Error reading character file: chars/char[xx]/char[xx].def

  Error reading character file: chars/char[xx]/char[xx].def

  Error reading character file: chars/char[xx]/char[xx].def

  Error reading character file: chars/char[xx]/char[xx].def

  Error reading character file: chars/char[xx]/char[xx].def

  Error reading character file: chars/char[xx]/char[xx].def

  Error reading character file: chars/char[xx]/char[xx].def

  Error reading character file: chars/char[xx]/char[xx].def

  Error reading character file: chars/char[xx]/char[xx].def

  Error reading character file: chars/char[xx]/char[xx].def

  Error reading character file: chars/char[xx]/char[xx].def

  Error reading character file: chars/char[xx]/char[xx].def

  Error reading character file: chars/EMPTY/EMPTY.def

  Error reading character file: chars/EMPTY/EMPTY.def

  Error reading character file: chars/EMPTY/EMPTY.def

  Error reading character file: chars/EMPTY/EMPTY.def

  Error reading character file: chars/EMPTY/EMPTY.def

  Error reading character file: chars/EMPTY/EMPTY.def

  Error reading character file: chars/EMPTY/EMPTY.def

  Error reading character file: chars/EMPTY/EMPTY.def

  Error reading character file: chars/EMPTY/EMPTY.def

  Error reading character file: chars/EMPTY/EMPTY.def

  Error reading character file: chars/EMPTY/EMPTY.def

  Error reading character file: chars/EMPTY/EMPTY.def

  Error reading character file: chars/char[xx]/char[xx].def

  Error reading character file: chars/char[xx]/char[xx].def

  Error reading character file: chars/EMPTY/EMPTY.def

  Error reading character file: chars/EMPTY/EMPTY.def

  Error reading character file: chars/EMPTY/EMPTY.def

  Error reading character file: chars/EMPTY/EMPTY.def

  Error reading character file: chars/EMPTY/EMPTY.def

  Error reading character file: chars/EMPTY/EMPTY.def

  Error reading character file: chars/EMPTY/EMPTY.def

  Error reading character file: chars/EMPTY/EMPTY.def

  Error reading character file: chars/char[xx]/char[xx].def

  Error reading character file: chars/char[xx]/char[xx].def

  Error reading character file: chars/char[xx]/char[xx].def

  Error reading character file: chars/EMPTY/EMPTY.def

  Error reading character file: chars/EMPTY/EMPTY.def

  Error reading character file: chars/EMPTY/EMPTY.def

  Error reading character file: chars/EMPTY/EMPTY.def

  Error reading character file: chars/EMPTY/EMPTY.def

  Error reading character file: chars/EMPTY/EMPTY.def

  Error reading character file: chars/EMPTY/EMPTY.def

  Error reading character file: chars/EMPTY/EMPTY.def

  Error reading character file: chars/char[xx]/char[xx].def

  Error reading character file: chars/char[xx]/char[xx].def

  Error reading character file: chars/char[xx]/char[xx].def

  Error reading character file: chars/EMPTY/EMPTY.def

  Error reading character file: chars/EMPTY/EMPTY.def

  Error reading character file: chars/EMPTY/EMPTY.def

  Error reading character file: chars/EMPTY/EMPTY.def
OK

Entering main loop
Playing storyboard kof95-sb-intro.def: scene
Storyboard file not found: kof95-sb-intro.defEntering character select.
attempting load and start...attempting load of data/kof95/mp3/kof95-sp-title.mp3...hooking mixer callback...
success!
starting BGM...
attempting load and start...attempting load of data/kof95/mp3/kof95-sp-select.mp3...success!
starting BGM...
Attempting to set graphics to 640x480x16 mode 0x0...success
Loading character chars/omegarugal/omegarugal.def...
  Loading info...OK
  Loading cmd command set omegarugal.cmd...OK
  Loading cns omegarugal.cns...OK
  Loading cns orochi.cns...OK
  Loading cmd state entry omegarugal.cmd...OK
  Loading common states common1.cns...OK
  Unloading command names...OK
  Loading sff omegarugal.sff...OK
  Loading anim omegarugal.air...OK
  Loading snd omegarugal.snd...OK
  Loading pals...(1,1)(1,2)(1,3)(1,4)(1,5)(1,6)(1,7)(1,8)(1,9)(1,10)(1,11)(1,12)OK
  SFF v1.01 palette hack engaged.
  8275 expressions (2699 on trigger lines)
Character omegarugal.def loaded OK
Loading character chars/iori/iori.def...
  Loading info...OK
  Loading cmd command set Iori.cmd...OK
  Loading cns Iori.cns...OK
  Loading cmd state entry Iori.cmd...OK
  Loading common states common1.cns...OK
  Unloading command names...OK
  Loading sff Iori.sff...OK
  Loading anim Iori.air...OK
  Loading snd Iori.snd...OK
  Loading pals...(1,1)(1,2)(1,3)(1,4)(1,5)(1,6)(1,7)(1,8)(1,9)(1,10)(1,11)(1,12)OK
  SFF v1.01 palette hack engaged.
  12180 expressions (4534 on trigger lines)
Character iori.def loaded OK
attempting load and start...no BGM...Initializing stage...
  Loading BG...OK
  Allocating helpers...OK
Stage initialized OK
Start of game loop
End of game loop
Total time: 268.65s
Total frames: 16120 	Skipped frames: 0
Avg game rate: 60.00
Avg frame rate: 60.00

Entering character select.
attempting load and start...attempting load of data/kof95/mp3/kof95-sp-select.mp3...success!
starting BGM...
attempting load and start...attempting load of data/kof95/mp3/kof95-sp-title.mp3...success!
starting BGM...
Returned from main loop
Deinitializing...
Frames      : 16120
Time elapsed: 274.890 sec
ticks: 27489, tps: 100, start 58, end 27547

Clearing player cache...OK
Freeing character info...OK
Freeing select screen...OK
Freeing fight data...OK
Freeing system data...OK
Freeing game variables...OK
Deinitializing input...pad...keyboard...OK
Removing callbacks...OK
Deintializing timer...OK
Deinitializing graphics...OK
Deinitializing BGM...Cleaning up mixer callback...unhooking mixer callback...

Mixer callback was entered 5908 times
Mixer callback timing stats (last 5908 calls):
	4.000000 median, 7.604604 avg, 13.526329 sample std. dev.
Top 10 slowest times:	582 (1), 348 (1), 289 (1), 138 (2), 137 (1), 117 (1), 106 (1), 102 (1), 88 (1), 87 (1)
Top 10 fastest times:	3 (611), 4 (2501), 5 (1105), 6 (475), 7 (289), 8 (168), 9 (96), 10 (52), 11 (36), 12 (50)
OK
Deinitializing sound...OK
Successful program termination.

Log file successfully closed.
